<?xml version="1.0" encoding="UTF-8"?>
<!-- Generated by org.testng.reporters.JUnitXMLReporter -->
<testsuite ignored="0" hostname="Aparna" failures="2" tests="3" name="Add Customer Test" time="4.025" errors="0" timestamp="2022-09-17T21:41:43 EDT">
  <testcase classname="com.test.testcases.AddCustomerTest" name="addCustomer" time="3.54"/>
  <testcase classname="com.test.testcases.AddCustomerTest" name="addCustomer" time="0.232">
    <failure type="java.lang.IllegalArgumentException" message="Keys to send should be a not null CharSequence">
      <![CDATA[java.lang.IllegalArgumentException: Keys to send should be a not null CharSequence
at org.openqa.selenium.remote.RemoteWebElement.sendKeys(RemoteWebElement.java:97)
at com.test.testcases.AddCustomerTest.addCustomer(AddCustomerTest.java:19)
at java.base/java.util.ArrayList.forEach(ArrayList.java:1511)
... Removed 27 stack frames]]>
    </failure>
  </testcase> <!-- addCustomer -->
  <testcase classname="com.test.testcases.AddCustomerTest" name="addCustomer" time="3.939">
    <failure type="java.nio.file.InvalidPathException" message="Illegal char &amp;lt;:&amp;gt; at index 58: user.dir\target\error-screenshots\addCustomerSat Sep 17 21:41:43 EDT 2022.jpg">
      <![CDATA[java.nio.file.InvalidPathException: Illegal char <:> at index 58: user.dir\target\error-screenshots\addCustomerSat Sep 17 21:41:43 EDT 2022.jpg
at java.base/sun.nio.fs.WindowsPathParser.normalize(WindowsPathParser.java:182)
at java.base/sun.nio.fs.WindowsPathParser.parse(WindowsPathParser.java:153)
at java.base/sun.nio.fs.WindowsPathParser.parse(WindowsPathParser.java:77)
at java.base/sun.nio.fs.WindowsPath.parse(WindowsPath.java:92)
at java.base/sun.nio.fs.WindowsFileSystem.getPath(WindowsFileSystem.java:232)
at java.base/java.io.File.toPath(File.java:2387)
at org.apache.commons.io.FileUtils.doCopyFile(FileUtils.java:1390)
at org.apache.commons.io.FileUtils.copyFile(FileUtils.java:885)
at org.apache.commons.io.FileUtils.copyFile(FileUtils.java:835)
at org.apache.commons.io.FileUtils.copyFile(FileUtils.java:802)
at com.test.utilities.TestUtils.captureScreenshot(TestUtils.java:25)
at com.test.listeners.CustomListeners.onTestFailure(CustomListeners.java:38)
at java.base/java.util.ArrayList.forEach(ArrayList.java:1511)
... Removed 24 stack frames]]>
    </failure>
  </testcase> <!-- addCustomer -->
</testsuite> <!-- Add Customer Test -->
