<?xml version="1.0" encoding="UTF-8"?>
<!-- Generated by org.testng.reporters.JUnitXMLReporter -->
<testsuite ignored="0" hostname="Aparna" failures="1" tests="1" name="LoginTest" time="1.155" errors="0" timestamp="2022-09-15T13:53:40 EDT">
  <testcase classname="com.test.testcases.LoginTest" name="mngrLoginTest" time="0.91">
    <failure type="java.lang.AssertionError" message="Login not successfull..........">
      <![CDATA[java.lang.AssertionError: Login not successfull..........
at com.test.testcases.LoginTest.mngrLoginTest(LoginTest.java:23)
at java.base/java.util.ArrayList.forEach(ArrayList.java:1511)
... Removed 28 stack frames]]>
    </failure>
  </testcase> <!-- mngrLoginTest -->
</testsuite> <!-- LoginTest -->
