<?xml version="1.0" encoding="UTF-8"?>
<testng-results ignored="0" total="3" passed="2" failed="1" skipped="0">
  <reporter-output>
    <line>
      <![CDATA['''''''''Login Successfull''''''''''']]>
    </line>
    <line>
      <![CDATA[Customer added]]>
    </line>
    <line>
      <![CDATA[Login Screenshot captured]]>
    </line>
    <line>
      <![CDATA[<a target="_blank" href='C:\Users\Shyam\eclipse-workspace-2\DDFramework\target\error-screenshots\addCustomer.jpg'>Screenshot</a>]]>
    </line>
    <line>
      <![CDATA[<br>]]>
    </line>
    <line>
      <![CDATA[<a target="_blank" <img src=addCustomer.jpg height=200 width=200 ></img]]>
    </line>
  </reporter-output>
  <suite started-at="2022-09-17T21:41:38 EDT" name="DataDrivenTestSuite" finished-at="2022-09-17T21:41:43 EDT" duration-ms="5454">
    <groups>
    </groups>
    <test started-at="2022-09-17T21:41:38 EDT" name="Login Test" finished-at="2022-09-17T21:41:39 EDT" duration-ms="1410">
      <class name="com.test.testcases.LoginTest">
        <test-method signature="mngrLoginTest()[pri:0, instance:com.test.testcases.LoginTest@7c098bb3]" started-at="2022-09-17T21:41:38 EDT" name="mngrLoginTest" finished-at="2022-09-17T21:41:39 EDT" duration-ms="1206" status="PASS">
          <reporter-output>
            <line>
              <![CDATA['''''''''Login Successfull''''''''''']]>
            </line>
          </reporter-output>
        </test-method> <!-- mngrLoginTest -->
      </class> <!-- com.test.testcases.LoginTest -->
    </test> <!-- Login Test -->
    <test started-at="2022-09-17T21:41:39 EDT" name="Add Customer Test" finished-at="2022-09-17T21:41:43 EDT" duration-ms="4025">
      <class name="com.test.testcases.AddCustomerTest">
        <test-method is-config="true" signature="setup()[pri:0, instance:com.test.testcases.AddCustomerTest@6f0b0a5e]" started-at="2022-09-17T21:41:32 EDT" name="setup" finished-at="2022-09-17T21:41:38 EDT" duration-ms="5755" status="PASS">
          <reporter-output>
          </reporter-output>
        </test-method> <!-- setup -->
        <test-method signature="addCustomer(java.lang.String,java.lang.String,java.lang.String,java.lang.String)[pri:0, instance:com.test.testcases.AddCustomerTest@6f0b0a5e]" started-at="2022-09-17T21:41:39 EDT" name="addCustomer" data-provider="getCustData" finished-at="2022-09-17T21:41:43 EDT" duration-ms="3939" status="FAIL">
          <exception class="java.nio.file.InvalidPathException">
            <message>
              <![CDATA[Illegal char <:> at index 58: user.dir\target\error-screenshots\addCustomerSat Sep 17 21:41:43 EDT 2022.jpg]]>
            </message>
            <full-stacktrace>
              <![CDATA[java.nio.file.InvalidPathException: Illegal char <:> at index 58: user.dir\target\error-screenshots\addCustomerSat Sep 17 21:41:43 EDT 2022.jpg
at java.base/sun.nio.fs.WindowsPathParser.normalize(WindowsPathParser.java:182)
at java.base/sun.nio.fs.WindowsPathParser.parse(WindowsPathParser.java:153)
at java.base/sun.nio.fs.WindowsPathParser.parse(WindowsPathParser.java:77)
at java.base/sun.nio.fs.WindowsPath.parse(WindowsPath.java:92)
at java.base/sun.nio.fs.WindowsFileSystem.getPath(WindowsFileSystem.java:232)
at java.base/java.io.File.toPath(File.java:2387)
at org.apache.commons.io.FileUtils.doCopyFile(FileUtils.java:1390)
at org.apache.commons.io.FileUtils.copyFile(FileUtils.java:885)
at org.apache.commons.io.FileUtils.copyFile(FileUtils.java:835)
at org.apache.commons.io.FileUtils.copyFile(FileUtils.java:802)
at com.test.utilities.TestUtils.captureScreenshot(TestUtils.java:25)
at com.test.listeners.CustomListeners.onTestFailure(CustomListeners.java:38)
at org.testng.internal.TestListenerHelper.runTestListeners(TestListenerHelper.java:96)
at org.testng.internal.TestInvoker.runTestResultListener(TestInvoker.java:219)
at org.testng.internal.TestInvoker.invokeMethod(TestInvoker.java:656)
at org.testng.internal.TestInvoker.invokeTestMethod(TestInvoker.java:173)
at org.testng.internal.MethodRunner.runInSequence(MethodRunner.java:46)
at org.testng.internal.TestInvoker$MethodInvocationAgent.invoke(TestInvoker.java:824)
at org.testng.internal.TestInvoker.invokeTestMethods(TestInvoker.java:146)
at org.testng.internal.TestMethodWorker.invokeTestMethods(TestMethodWorker.java:146)
at org.testng.internal.TestMethodWorker.run(TestMethodWorker.java:128)
at java.base/java.util.ArrayList.forEach(ArrayList.java:1511)
at org.testng.TestRunner.privateRun(TestRunner.java:794)
at org.testng.TestRunner.run(TestRunner.java:596)
at org.testng.SuiteRunner.runTest(SuiteRunner.java:377)
at org.testng.SuiteRunner.runSequentially(SuiteRunner.java:371)
at org.testng.SuiteRunner.privateRun(SuiteRunner.java:332)
at org.testng.SuiteRunner.run(SuiteRunner.java:276)
at org.testng.SuiteRunnerWorker.runSuite(SuiteRunnerWorker.java:53)
at org.testng.SuiteRunnerWorker.run(SuiteRunnerWorker.java:96)
at org.testng.TestNG.runSuitesSequentially(TestNG.java:1212)
at org.testng.TestNG.runSuitesLocally(TestNG.java:1134)
at org.testng.TestNG.runSuites(TestNG.java:1063)
at org.testng.TestNG.run(TestNG.java:1031)
at org.testng.remote.AbstractRemoteTestNG.run(AbstractRemoteTestNG.java:115)
at org.testng.remote.RemoteTestNG.initAndRun(RemoteTestNG.java:251)
at org.testng.remote.RemoteTestNG.main(RemoteTestNG.java:77)
]]>
            </full-stacktrace>
          </exception> <!-- java.nio.file.InvalidPathException -->
          <reporter-output>
          </reporter-output>
        </test-method> <!-- addCustomer -->
        <test-method signature="addCustomer(java.lang.String,java.lang.String,java.lang.String,java.lang.String)[pri:0, instance:com.test.testcases.AddCustomerTest@6f0b0a5e]" started-at="2022-09-17T21:41:39 EDT" name="addCustomer" data-provider="getCustData" finished-at="2022-09-17T21:41:43 EDT" duration-ms="3540" status="PASS">
          <params>
            <param index="0">
              <value>
                <![CDATA[Aparna]]>
              </value>
            </param>
            <param index="1">
              <value>
                <![CDATA[Adurty]]>
              </value>
            </param>
            <param index="2">
              <value>
                <![CDATA[45036.0]]>
              </value>
            </param>
            <param index="3">
              <value>
                <![CDATA[Customer added successfully]]>
              </value>
            </param>
          </params>
          <reporter-output>
            <line>
              <![CDATA[Customer added]]>
            </line>
          </reporter-output>
        </test-method> <!-- addCustomer -->
        <test-method is-config="true" signature="teatdown()[pri:0, instance:com.test.testcases.AddCustomerTest@6f0b0a5e]" started-at="2022-09-17T21:41:43 EDT" name="teatdown" finished-at="2022-09-17T21:41:44 EDT" duration-ms="814" status="PASS">
          <reporter-output>
          </reporter-output>
        </test-method> <!-- teatdown -->
      </class> <!-- com.test.testcases.AddCustomerTest -->
    </test> <!-- Add Customer Test -->
  </suite> <!-- DataDrivenTestSuite -->
</testng-results>
